<?xml version="1.0" encoding="UTF-8"?>
<!-- Generated by org.testng.reporters.JUnitXMLReporter -->
<testsuite ignored="0" hostname="manjunath-PC" failures="0" tests="2" name="firefox" time="0.056" errors="0" timestamp="2023-03-10T14:00:09 IST">
  <testcase classname="testPackage.LoginTestClass" name="login" time="0.0">
    <skipped/>
  </testcase> <!-- login -->
  <testcase classname="testPackage.LoginTestClass" name="test2" time="0.0">
    <skipped/>
  </testcase> <!-- test2 -->
</testsuite> <!-- firefox -->
