<?xml version="1.0" encoding="UTF-8"?>
<!-- Generated by org.testng.reporters.JUnitXMLReporter -->
<testsuite ignored="0" hostname="manjunath-PC" failures="0" tests="4" name="Test" time="0.205" errors="0" timestamp="2023-03-09T13:53:42 IST">
  <testcase classname="testPackage.TestNG1" name="test1" time="0.011"/>
  <testcase classname="testPackage.TestNG1" name="test2" time="0.005"/>
  <testcase classname="testPackage.TestNG2" name="test1" time="0.002"/>
  <testcase classname="testPackage.TestNG2" name="test2" time="0.053"/>
</testsuite> <!-- Test -->
