<?xml version="1.0" encoding="UTF-8"?>
<!-- Generated by org.testng.reporters.JUnitXMLReporter -->
<testsuite ignored="2" hostname="manjunath-PC" failures="0" tests="2" name="test2" time="18.428" errors="0" timestamp="2023-03-11T11:30:01 IST">
  <testcase classname="testPackage.LoginTestClass" name="login" time="2.839"/>
  <testcase classname="testPackage.LoginTestClass" name="test2" time="0.002"/>
  <testcase classname="testPackage.BaseClass" name="@BeforeTest beforeTest" time="0.0">
    <ignored/>
  </testcase> <!-- @BeforeTest beforeTest -->
  <testcase classname="testPackage.BaseClass" name="@AfterTest afterTest" time="0.0">
    <ignored/>
  </testcase> <!-- @AfterTest afterTest -->
</testsuite> <!-- test2 -->
